2019-12-13 11:15:28 INFO  [main]: yo it was created
2019-12-13 11:15:28 INFO  [main]: yo it was created
2019-12-13 11:18:50 INFO  [main]: Log 1 Create 
2019-12-13 11:18:53 INFO  [main]: Log 2 Calculate 
2019-12-13 11:18:54 INFO  [main]: Log 3 Genre 
2019-12-13 11:18:59 INFO  [main]: Log 4 Match 
2019-12-13 11:19:02 INFO  [main]: Log 5 Commands.Random
2019-12-13 11:19:03 INFO  [main]: Log 6 Commands.Info
2019-12-13 11:34:13 INFO  [main]: Log 5 Commands.Random
2019-12-13 11:34:13 INFO  [main]: Log 5 Commands.Random
2019-12-13 11:34:13 INFO  [main]: Log 6 Commands.Info
2019-12-13 11:34:13 INFO  [main]: Log 2 Calculate 
2019-12-13 11:34:13 INFO  [main]: Log 1 Create 
2019-12-13 11:34:13 INFO  [main]: Log 1 Create 
2019-12-13 11:34:57 INFO  [main]: Log 5 Commands.Random
2019-12-13 11:34:57 INFO  [main]: Log 5 Commands.Random
2019-12-13 11:34:58 INFO  [main]: Log 6 Commands.Info
2019-12-13 11:34:58 INFO  [main]: Log 2 Calculate 
2019-12-13 11:34:58 INFO  [main]: Log 1 Create 
2019-12-13 11:34:58 INFO  [main]: Log 1 Create 
2019-12-15 17:26:31 INFO  [main]: Log 5 Commands.Random
2019-12-15 17:26:31 INFO  [main]: Log 5 Commands.Random
2019-12-15 17:26:31 INFO  [main]: Log 6 Commands.Info
2019-12-15 17:26:31 INFO  [main]: Log 2 Calculate 
2019-12-15 17:26:31 INFO  [main]: Log 1 Create 
2019-12-15 17:26:31 INFO  [main]: Log 1 Create 
2019-12-18 17:43:36 INFO  [main]: Log 1 Create 
2019-12-18 17:43:39 INFO  [main]: Log 2 Calculate 
2019-12-18 17:43:40 INFO  [main]: Log 3 Genre 
2019-12-18 17:43:47 INFO  [main]: Log 4 Match 
2019-12-18 17:43:51 INFO  [main]: Log 6 Commands.Info 
2019-12-18 17:49:14 INFO  [main]: Log 3 Genre 
2019-12-18 17:50:59 INFO  [main]: Log 4 Match 
2019-12-18 22:09:17 INFO  [main]: Log 1 Create 
2019-12-18 22:09:19 INFO  [main]: Log 2 Calculate 
2019-12-18 22:09:22 INFO  [main]: Log 3 Genre 
2019-12-18 22:09:30 INFO  [main]: Log 3 Genre 
2019-12-18 22:09:34 INFO  [main]: Log 4 Match 
2019-12-18 22:09:50 INFO  [main]: Log 4 Match 
2019-12-18 22:09:56 INFO  [main]: Log 4 Match 
2019-12-18 22:10:00 INFO  [main]: Log 6 Commands.Info 
2019-12-18 22:11:59 INFO  [main]: Log 5 Commands.Random 
2019-12-18 22:11:59 INFO  [main]: Log 5 Commands.Random 
2019-12-18 22:11:59 INFO  [main]: Log 6 Commands.Info 
2019-12-18 22:11:59 INFO  [main]: Log 2 Calculate 
2019-12-18 22:11:59 INFO  [main]: Log 1 Create 
2019-12-18 22:11:59 INFO  [main]: Log 1 Create 
